==17413== Memcheck, a memory error detector
==17413== Copyright (C) 2002-2024, and GNU GPL'd, by Julian Seward et al.
==17413== Using Valgrind-3.25.0 and LibVEX; rerun with -h for copyright info
==17413== Command: ./nufs -s -f mnt data.nufs
==17413== Parent PID: 3155
==17413== 
==17413== Conditional jump or move depends on uninitialised value(s)
==17413==    at 0x4001566: find_parent (nufs.c:97)
==17413==    by 0x4001814: nufs_access (nufs.c:158)
==17413==    by 0x48A0865: fuse_lib_access (fuse.c:2923)
==17413==    by 0x48AF448: fuse_ll_process_buf (fuse_lowlevel.c:2443)
==17413==    by 0x489EC8B: fuse_session_loop (fuse_loop.c:40)
==17413==    by 0x48B04B8: fuse_main_common (helper.c:371)
==17413==    by 0x4002CD8: main (nufs.c:550)
==17413== 
==17413== Conditional jump or move depends on uninitialised value(s)
==17413==    at 0x40014F2: count_l (nufs.c:85)
==17413==    by 0x400157D: find_parent (nufs.c:99)
==17413==    by 0x4001814: nufs_access (nufs.c:158)
==17413==    by 0x48A0865: fuse_lib_access (fuse.c:2923)
==17413==    by 0x48AF448: fuse_ll_process_buf (fuse_lowlevel.c:2443)
==17413==    by 0x489EC8B: fuse_session_loop (fuse_loop.c:40)
==17413==    by 0x48B04B8: fuse_main_common (helper.c:371)
==17413==    by 0x4002CD8: main (nufs.c:550)
==17413== 
==17413== Conditional jump or move depends on uninitialised value(s)
==17413==    at 0x40014D6: count_l (nufs.c:86)
==17413==    by 0x400157D: find_parent (nufs.c:99)
==17413==    by 0x4001814: nufs_access (nufs.c:158)
==17413==    by 0x48A0865: fuse_lib_access (fuse.c:2923)
==17413==    by 0x48AF448: fuse_ll_process_buf (fuse_lowlevel.c:2443)
==17413==    by 0x489EC8B: fuse_session_loop (fuse_loop.c:40)
==17413==    by 0x48B04B8: fuse_main_common (helper.c:371)
==17413==    by 0x4002CD8: main (nufs.c:550)
==17413== 
==17413== Conditional jump or move depends on uninitialised value(s)
==17413==    at 0x4001566: find_parent (nufs.c:97)
==17413==    by 0x4001B55: nufs_getattr (nufs.c:224)
==17413==    by 0x489AF7D: lookup_path (fuse.c:2530)
==17413==    by 0x48A36AA: fuse_lib_lookup (fuse.c:2729)
==17413==    by 0x48AF448: fuse_ll_process_buf (fuse_lowlevel.c:2443)
==17413==    by 0x489EC8B: fuse_session_loop (fuse_loop.c:40)
==17413==    by 0x48B04B8: fuse_main_common (helper.c:371)
==17413==    by 0x4002CD8: main (nufs.c:550)
==17413== 
==17413== Conditional jump or move depends on uninitialised value(s)
==17413==    at 0x40014F2: count_l (nufs.c:85)
==17413==    by 0x400157D: find_parent (nufs.c:99)
==17413==    by 0x4001B55: nufs_getattr (nufs.c:224)
==17413==    by 0x489AF7D: lookup_path (fuse.c:2530)
==17413==    by 0x48A36AA: fuse_lib_lookup (fuse.c:2729)
==17413==    by 0x48AF448: fuse_ll_process_buf (fuse_lowlevel.c:2443)
==17413==    by 0x489EC8B: fuse_session_loop (fuse_loop.c:40)
==17413==    by 0x48B04B8: fuse_main_common (helper.c:371)
==17413==    by 0x4002CD8: main (nufs.c:550)
==17413== 
==17413== Conditional jump or move depends on uninitialised value(s)
==17413==    at 0x4001566: find_parent (nufs.c:97)
==17413==    by 0x4001B55: nufs_getattr (nufs.c:224)
==17413==    by 0x48A4DB8: fuse_lib_getattr (fuse.c:2794)
==17413==    by 0x48A2589: do_getattr.lto_priv.0 (fuse_lowlevel.c:1045)
==17413==    by 0x48AF448: fuse_ll_process_buf (fuse_lowlevel.c:2443)
==17413==    by 0x489EC8B: fuse_session_loop (fuse_loop.c:40)
==17413==    by 0x48B04B8: fuse_main_common (helper.c:371)
==17413==    by 0x4002CD8: main (nufs.c:550)
==17413== 
==17413== Conditional jump or move depends on uninitialised value(s)
==17413==    at 0x40014F2: count_l (nufs.c:85)
==17413==    by 0x400157D: find_parent (nufs.c:99)
==17413==    by 0x4001B55: nufs_getattr (nufs.c:224)
==17413==    by 0x48A4DB8: fuse_lib_getattr (fuse.c:2794)
==17413==    by 0x48A2589: do_getattr.lto_priv.0 (fuse_lowlevel.c:1045)
==17413==    by 0x48AF448: fuse_ll_process_buf (fuse_lowlevel.c:2443)
==17413==    by 0x489EC8B: fuse_session_loop (fuse_loop.c:40)
==17413==    by 0x48B04B8: fuse_main_common (helper.c:371)
==17413==    by 0x4002CD8: main (nufs.c:550)
==17413== 
==17413== Conditional jump or move depends on uninitialised value(s)
==17413==    at 0x40014D6: count_l (nufs.c:86)
==17413==    by 0x400157D: find_parent (nufs.c:99)
==17413==    by 0x4001B55: nufs_getattr (nufs.c:224)
==17413==    by 0x48A4DB8: fuse_lib_getattr (fuse.c:2794)
==17413==    by 0x48A2589: do_getattr.lto_priv.0 (fuse_lowlevel.c:1045)
==17413==    by 0x48AF448: fuse_ll_process_buf (fuse_lowlevel.c:2443)
==17413==    by 0x489EC8B: fuse_session_loop (fuse_loop.c:40)
==17413==    by 0x48B04B8: fuse_main_common (helper.c:371)
==17413==    by 0x4002CD8: main (nufs.c:550)
==17413== 
==17413== Conditional jump or move depends on uninitialised value(s)
==17413==    at 0x40014D6: count_l (nufs.c:86)
==17413==    by 0x400157D: find_parent (nufs.c:99)
==17413==    by 0x4001B55: nufs_getattr (nufs.c:224)
==17413==    by 0x489AF7D: lookup_path (fuse.c:2530)
==17413==    by 0x48A36AA: fuse_lib_lookup (fuse.c:2729)
==17413==    by 0x48AF448: fuse_ll_process_buf (fuse_lowlevel.c:2443)
==17413==    by 0x489EC8B: fuse_session_loop (fuse_loop.c:40)
==17413==    by 0x48B04B8: fuse_main_common (helper.c:371)
==17413==    by 0x4002CD8: main (nufs.c:550)
==17413== 
==17413== Conditional jump or move depends on uninitialised value(s)
==17413==    at 0x4001566: find_parent (nufs.c:97)
==17413==    by 0x4001D5B: _readdir (nufs.c:256)
==17413==    by 0x4001FC9: nufs_readdir (nufs.c:287)
==17413==    by 0x48A63FF: UnknownInlinedFun (fuse.c:3531)
==17413==    by 0x48A63FF: fuse_lib_readdir (fuse.c:3557)
==17413==    by 0x48A2CF5: do_readdir.lto_priv.0 (fuse_lowlevel.c:1390)
==17413==    by 0x48AF448: fuse_ll_process_buf (fuse_lowlevel.c:2443)
==17413==    by 0x489EC8B: fuse_session_loop (fuse_loop.c:40)
==17413==    by 0x48B04B8: fuse_main_common (helper.c:371)
==17413==    by 0x4002CD8: main (nufs.c:550)
==17413== 
==17413== Conditional jump or move depends on uninitialised value(s)
==17413==    at 0x40014F2: count_l (nufs.c:85)
==17413==    by 0x400157D: find_parent (nufs.c:99)
==17413==    by 0x4001D5B: _readdir (nufs.c:256)
==17413==    by 0x4001FC9: nufs_readdir (nufs.c:287)
==17413==    by 0x48A63FF: UnknownInlinedFun (fuse.c:3531)
==17413==    by 0x48A63FF: fuse_lib_readdir (fuse.c:3557)
==17413==    by 0x48A2CF5: do_readdir.lto_priv.0 (fuse_lowlevel.c:1390)
==17413==    by 0x48AF448: fuse_ll_process_buf (fuse_lowlevel.c:2443)
==17413==    by 0x489EC8B: fuse_session_loop (fuse_loop.c:40)
==17413==    by 0x48B04B8: fuse_main_common (helper.c:371)
==17413==    by 0x4002CD8: main (nufs.c:550)
==17413== 
==17413== Conditional jump or move depends on uninitialised value(s)
==17413==    at 0x40014D6: count_l (nufs.c:86)
==17413==    by 0x400157D: find_parent (nufs.c:99)
==17413==    by 0x4001D5B: _readdir (nufs.c:256)
==17413==    by 0x4001FC9: nufs_readdir (nufs.c:287)
==17413==    by 0x48A63FF: UnknownInlinedFun (fuse.c:3531)
==17413==    by 0x48A63FF: fuse_lib_readdir (fuse.c:3557)
==17413==    by 0x48A2CF5: do_readdir.lto_priv.0 (fuse_lowlevel.c:1390)
==17413==    by 0x48AF448: fuse_ll_process_buf (fuse_lowlevel.c:2443)
==17413==    by 0x489EC8B: fuse_session_loop (fuse_loop.c:40)
==17413==    by 0x48B04B8: fuse_main_common (helper.c:371)
==17413==    by 0x4002CD8: main (nufs.c:550)
==17413== 
==17413== Conditional jump or move depends on uninitialised value(s)
==17413==    at 0x4001566: find_parent (nufs.c:97)
==17413==    by 0x4001B55: nufs_getattr (nufs.c:224)
==17413==    by 0x4001DE6: _readdir (nufs.c:262)
==17413==    by 0x4001FC9: nufs_readdir (nufs.c:287)
==17413==    by 0x48A63FF: UnknownInlinedFun (fuse.c:3531)
==17413==    by 0x48A63FF: fuse_lib_readdir (fuse.c:3557)
==17413==    by 0x48A2CF5: do_readdir.lto_priv.0 (fuse_lowlevel.c:1390)
==17413==    by 0x48AF448: fuse_ll_process_buf (fuse_lowlevel.c:2443)
==17413==    by 0x489EC8B: fuse_session_loop (fuse_loop.c:40)
==17413==    by 0x48B04B8: fuse_main_common (helper.c:371)
==17413==    by 0x4002CD8: main (nufs.c:550)
==17413== 
==17413== Conditional jump or move depends on uninitialised value(s)
==17413==    at 0x40014F2: count_l (nufs.c:85)
==17413==    by 0x400157D: find_parent (nufs.c:99)
==17413==    by 0x4001B55: nufs_getattr (nufs.c:224)
==17413==    by 0x4001DE6: _readdir (nufs.c:262)
==17413==    by 0x4001FC9: nufs_readdir (nufs.c:287)
==17413==    by 0x48A63FF: UnknownInlinedFun (fuse.c:3531)
==17413==    by 0x48A63FF: fuse_lib_readdir (fuse.c:3557)
==17413==    by 0x48A2CF5: do_readdir.lto_priv.0 (fuse_lowlevel.c:1390)
==17413==    by 0x48AF448: fuse_ll_process_buf (fuse_lowlevel.c:2443)
==17413==    by 0x489EC8B: fuse_session_loop (fuse_loop.c:40)
==17413==    by 0x48B04B8: fuse_main_common (helper.c:371)
==17413==    by 0x4002CD8: main (nufs.c:550)
==17413== 
==17413== Conditional jump or move depends on uninitialised value(s)
==17413==    at 0x4001566: find_parent (nufs.c:97)
==17413==    by 0x4001B55: nufs_getattr (nufs.c:224)
==17413==    by 0x4001EC5: _readdir (nufs.c:270)
==17413==    by 0x4001FC9: nufs_readdir (nufs.c:287)
==17413==    by 0x48A63FF: UnknownInlinedFun (fuse.c:3531)
==17413==    by 0x48A63FF: fuse_lib_readdir (fuse.c:3557)
==17413==    by 0x48A2CF5: do_readdir.lto_priv.0 (fuse_lowlevel.c:1390)
==17413==    by 0x48AF448: fuse_ll_process_buf (fuse_lowlevel.c:2443)
==17413==    by 0x489EC8B: fuse_session_loop (fuse_loop.c:40)
==17413==    by 0x48B04B8: fuse_main_common (helper.c:371)
==17413==    by 0x4002CD8: main (nufs.c:550)
==17413== 
==17413== Conditional jump or move depends on uninitialised value(s)
==17413==    at 0x40014F2: count_l (nufs.c:85)
==17413==    by 0x400157D: find_parent (nufs.c:99)
==17413==    by 0x4001B55: nufs_getattr (nufs.c:224)
==17413==    by 0x4001EC5: _readdir (nufs.c:270)
==17413==    by 0x4001FC9: nufs_readdir (nufs.c:287)
==17413==    by 0x48A63FF: UnknownInlinedFun (fuse.c:3531)
==17413==    by 0x48A63FF: fuse_lib_readdir (fuse.c:3557)
==17413==    by 0x48A2CF5: do_readdir.lto_priv.0 (fuse_lowlevel.c:1390)
==17413==    by 0x48AF448: fuse_ll_process_buf (fuse_lowlevel.c:2443)
==17413==    by 0x489EC8B: fuse_session_loop (fuse_loop.c:40)
==17413==    by 0x48B04B8: fuse_main_common (helper.c:371)
==17413==    by 0x4002CD8: main (nufs.c:550)
==17413== 
==17413== Conditional jump or move depends on uninitialised value(s)
==17413==    at 0x40014D6: count_l (nufs.c:86)
==17413==    by 0x400157D: find_parent (nufs.c:99)
==17413==    by 0x4001B55: nufs_getattr (nufs.c:224)
==17413==    by 0x4001EC5: _readdir (nufs.c:270)
==17413==    by 0x4001FC9: nufs_readdir (nufs.c:287)
==17413==    by 0x48A63FF: UnknownInlinedFun (fuse.c:3531)
==17413==    by 0x48A63FF: fuse_lib_readdir (fuse.c:3557)
==17413==    by 0x48A2CF5: do_readdir.lto_priv.0 (fuse_lowlevel.c:1390)
==17413==    by 0x48AF448: fuse_ll_process_buf (fuse_lowlevel.c:2443)
==17413==    by 0x489EC8B: fuse_session_loop (fuse_loop.c:40)
==17413==    by 0x48B04B8: fuse_main_common (helper.c:371)
==17413==    by 0x4002CD8: main (nufs.c:550)
==17413== 
==17413== Invalid write of size 1
==17413==    at 0x48558E4: strcat (vg_replace_strmem.c:337)
==17413==    by 0x4003603: extend (hash.c:21)
==17413==    by 0x40033D7: alloc_inode (inode.c:37)
==17413==    by 0x400334D: inode_find (inode.c:24)
==17413==    by 0x40018C1: nufs_mknod (nufs.c:170)
==17413==    by 0x4001A21: nufs_create (nufs.c:196)
==17413==    by 0x4001C8C: nufs_getattr (nufs.c:240)
==17413==    by 0x4001EC5: _readdir (nufs.c:270)
==17413==    by 0x4001FC9: nufs_readdir (nufs.c:287)
==17413==    by 0x48A63FF: UnknownInlinedFun (fuse.c:3531)
==17413==    by 0x48A63FF: fuse_lib_readdir (fuse.c:3557)
==17413==    by 0x48A2CF5: do_readdir.lto_priv.0 (fuse_lowlevel.c:1390)
==17413==    by 0x48AF448: fuse_ll_process_buf (fuse_lowlevel.c:2443)
==17413==  Address 0x4d0eeb9 is 0 bytes after a block of size 9 alloc'd
==17413==    at 0x4853C13: calloc (vg_replace_malloc.c:1675)
==17413==    by 0x40035D9: extend (hash.c:19)
==17413==    by 0x40033D7: alloc_inode (inode.c:37)
==17413==    by 0x400334D: inode_find (inode.c:24)
==17413==    by 0x40018C1: nufs_mknod (nufs.c:170)
==17413==    by 0x4001A21: nufs_create (nufs.c:196)
==17413==    by 0x4001C8C: nufs_getattr (nufs.c:240)
==17413==    by 0x4001EC5: _readdir (nufs.c:270)
==17413==    by 0x4001FC9: nufs_readdir (nufs.c:287)
==17413==    by 0x48A63FF: UnknownInlinedFun (fuse.c:3531)
==17413==    by 0x48A63FF: fuse_lib_readdir (fuse.c:3557)
==17413==    by 0x48A2CF5: do_readdir.lto_priv.0 (fuse_lowlevel.c:1390)
==17413==    by 0x48AF448: fuse_ll_process_buf (fuse_lowlevel.c:2443)
==17413== 
==17413== Invalid write of size 1
==17413==    at 0x48558F6: strcat (vg_replace_strmem.c:337)
==17413==    by 0x4003603: extend (hash.c:21)
==17413==    by 0x40033D7: alloc_inode (inode.c:37)
==17413==    by 0x400334D: inode_find (inode.c:24)
==17413==    by 0x40018C1: nufs_mknod (nufs.c:170)
==17413==    by 0x4001A21: nufs_create (nufs.c:196)
==17413==    by 0x4001C8C: nufs_getattr (nufs.c:240)
==17413==    by 0x4001EC5: _readdir (nufs.c:270)
==17413==    by 0x4001FC9: nufs_readdir (nufs.c:287)
==17413==    by 0x48A63FF: UnknownInlinedFun (fuse.c:3531)
==17413==    by 0x48A63FF: fuse_lib_readdir (fuse.c:3557)
==17413==    by 0x48A2CF5: do_readdir.lto_priv.0 (fuse_lowlevel.c:1390)
==17413==    by 0x48AF448: fuse_ll_process_buf (fuse_lowlevel.c:2443)
==17413==  Address 0x4d0eebd is 4 bytes after a block of size 9 alloc'd
==17413==    at 0x4853C13: calloc (vg_replace_malloc.c:1675)
==17413==    by 0x40035D9: extend (hash.c:19)
==17413==    by 0x40033D7: alloc_inode (inode.c:37)
==17413==    by 0x400334D: inode_find (inode.c:24)
==17413==    by 0x40018C1: nufs_mknod (nufs.c:170)
==17413==    by 0x4001A21: nufs_create (nufs.c:196)
==17413==    by 0x4001C8C: nufs_getattr (nufs.c:240)
==17413==    by 0x4001EC5: _readdir (nufs.c:270)
==17413==    by 0x4001FC9: nufs_readdir (nufs.c:287)
==17413==    by 0x48A63FF: UnknownInlinedFun (fuse.c:3531)
==17413==    by 0x48A63FF: fuse_lib_readdir (fuse.c:3557)
==17413==    by 0x48A2CF5: do_readdir.lto_priv.0 (fuse_lowlevel.c:1390)
==17413==    by 0x48AF448: fuse_ll_process_buf (fuse_lowlevel.c:2443)
==17413== 
==17413== Invalid read of size 1
==17413==    at 0x4003579: hash (hash.c:11)
==17413==    by 0x40033B6: alloc_inode (inode.c:36)
==17413==    by 0x40033DF: alloc_inode (inode.c:37)
==17413==    by 0x400334D: inode_find (inode.c:24)
==17413==    by 0x40018C1: nufs_mknod (nufs.c:170)
==17413==    by 0x4001A21: nufs_create (nufs.c:196)
==17413==    by 0x4001C8C: nufs_getattr (nufs.c:240)
==17413==    by 0x4001EC5: _readdir (nufs.c:270)
==17413==    by 0x4001FC9: nufs_readdir (nufs.c:287)
==17413==    by 0x48A63FF: UnknownInlinedFun (fuse.c:3531)
==17413==    by 0x48A63FF: fuse_lib_readdir (fuse.c:3557)
==17413==    by 0x48A2CF5: do_readdir.lto_priv.0 (fuse_lowlevel.c:1390)
==17413==    by 0x48AF448: fuse_ll_process_buf (fuse_lowlevel.c:2443)
==17413==  Address 0x4d0eeb9 is 0 bytes after a block of size 9 alloc'd
==17413==    at 0x4853C13: calloc (vg_replace_malloc.c:1675)
==17413==    by 0x40035D9: extend (hash.c:19)
==17413==    by 0x40033D7: alloc_inode (inode.c:37)
==17413==    by 0x400334D: inode_find (inode.c:24)
==17413==    by 0x40018C1: nufs_mknod (nufs.c:170)
==17413==    by 0x4001A21: nufs_create (nufs.c:196)
==17413==    by 0x4001C8C: nufs_getattr (nufs.c:240)
==17413==    by 0x4001EC5: _readdir (nufs.c:270)
==17413==    by 0x4001FC9: nufs_readdir (nufs.c:287)
==17413==    by 0x48A63FF: UnknownInlinedFun (fuse.c:3531)
==17413==    by 0x48A63FF: fuse_lib_readdir (fuse.c:3557)
==17413==    by 0x48A2CF5: do_readdir.lto_priv.0 (fuse_lowlevel.c:1390)
==17413==    by 0x48AF448: fuse_ll_process_buf (fuse_lowlevel.c:2443)
==17413== 
==17413== Invalid read of size 1
==17413==    at 0x4003579: hash (hash.c:11)
==17413==    by 0x40033ED: alloc_inode (inode.c:39)
==17413==    by 0x40033DF: alloc_inode (inode.c:37)
==17413==    by 0x400334D: inode_find (inode.c:24)
==17413==    by 0x40018C1: nufs_mknod (nufs.c:170)
==17413==    by 0x4001A21: nufs_create (nufs.c:196)
==17413==    by 0x4001C8C: nufs_getattr (nufs.c:240)
==17413==    by 0x4001EC5: _readdir (nufs.c:270)
==17413==    by 0x4001FC9: nufs_readdir (nufs.c:287)
==17413==    by 0x48A63FF: UnknownInlinedFun (fuse.c:3531)
==17413==    by 0x48A63FF: fuse_lib_readdir (fuse.c:3557)
==17413==    by 0x48A2CF5: do_readdir.lto_priv.0 (fuse_lowlevel.c:1390)
==17413==    by 0x48AF448: fuse_ll_process_buf (fuse_lowlevel.c:2443)
==17413==  Address 0x4d0eeb9 is 0 bytes after a block of size 9 alloc'd
==17413==    at 0x4853C13: calloc (vg_replace_malloc.c:1675)
==17413==    by 0x40035D9: extend (hash.c:19)
==17413==    by 0x40033D7: alloc_inode (inode.c:37)
==17413==    by 0x400334D: inode_find (inode.c:24)
==17413==    by 0x40018C1: nufs_mknod (nufs.c:170)
==17413==    by 0x4001A21: nufs_create (nufs.c:196)
==17413==    by 0x4001C8C: nufs_getattr (nufs.c:240)
==17413==    by 0x4001EC5: _readdir (nufs.c:270)
==17413==    by 0x4001FC9: nufs_readdir (nufs.c:287)
==17413==    by 0x48A63FF: UnknownInlinedFun (fuse.c:3531)
==17413==    by 0x48A63FF: fuse_lib_readdir (fuse.c:3557)
==17413==    by 0x48A2CF5: do_readdir.lto_priv.0 (fuse_lowlevel.c:1390)
==17413==    by 0x48AF448: fuse_ll_process_buf (fuse_lowlevel.c:2443)
==17413== 
==17413== Invalid read of size 1
==17413==    at 0x4003579: hash (hash.c:11)
==17413==    by 0x400340E: alloc_inode (inode.c:40)
==17413==    by 0x40033DF: alloc_inode (inode.c:37)
==17413==    by 0x400334D: inode_find (inode.c:24)
==17413==    by 0x40018C1: nufs_mknod (nufs.c:170)
==17413==    by 0x4001A21: nufs_create (nufs.c:196)
==17413==    by 0x4001C8C: nufs_getattr (nufs.c:240)
==17413==    by 0x4001EC5: _readdir (nufs.c:270)
==17413==    by 0x4001FC9: nufs_readdir (nufs.c:287)
==17413==    by 0x48A63FF: UnknownInlinedFun (fuse.c:3531)
==17413==    by 0x48A63FF: fuse_lib_readdir (fuse.c:3557)
==17413==    by 0x48A2CF5: do_readdir.lto_priv.0 (fuse_lowlevel.c:1390)
==17413==    by 0x48AF448: fuse_ll_process_buf (fuse_lowlevel.c:2443)
==17413==  Address 0x4d0eeb9 is 0 bytes after a block of size 9 alloc'd
==17413==    at 0x4853C13: calloc (vg_replace_malloc.c:1675)
==17413==    by 0x40035D9: extend (hash.c:19)
==17413==    by 0x40033D7: alloc_inode (inode.c:37)
==17413==    by 0x400334D: inode_find (inode.c:24)
==17413==    by 0x40018C1: nufs_mknod (nufs.c:170)
==17413==    by 0x4001A21: nufs_create (nufs.c:196)
==17413==    by 0x4001C8C: nufs_getattr (nufs.c:240)
==17413==    by 0x4001EC5: _readdir (nufs.c:270)
==17413==    by 0x4001FC9: nufs_readdir (nufs.c:287)
==17413==    by 0x48A63FF: UnknownInlinedFun (fuse.c:3531)
==17413==    by 0x48A63FF: fuse_lib_readdir (fuse.c:3557)
==17413==    by 0x48A2CF5: do_readdir.lto_priv.0 (fuse_lowlevel.c:1390)
==17413==    by 0x48AF448: fuse_ll_process_buf (fuse_lowlevel.c:2443)
==17413== 
==17413== Conditional jump or move depends on uninitialised value(s)
==17413==    at 0x400166B: parent_path (nufs.c:117)
==17413==    by 0x40018DC: nufs_mknod (nufs.c:171)
==17413==    by 0x4001A21: nufs_create (nufs.c:196)
==17413==    by 0x4001C8C: nufs_getattr (nufs.c:240)
==17413==    by 0x4001EC5: _readdir (nufs.c:270)
==17413==    by 0x4001FC9: nufs_readdir (nufs.c:287)
==17413==    by 0x48A63FF: UnknownInlinedFun (fuse.c:3531)
==17413==    by 0x48A63FF: fuse_lib_readdir (fuse.c:3557)
==17413==    by 0x48A2CF5: do_readdir.lto_priv.0 (fuse_lowlevel.c:1390)
==17413==    by 0x48AF448: fuse_ll_process_buf (fuse_lowlevel.c:2443)
==17413==    by 0x489EC8B: fuse_session_loop (fuse_loop.c:40)
==17413==    by 0x48B04B8: fuse_main_common (helper.c:371)
==17413==    by 0x4002CD8: main (nufs.c:550)
==17413== 
==17413== Conditional jump or move depends on uninitialised value(s)
==17413==    at 0x40014F2: count_l (nufs.c:85)
==17413==    by 0x4001685: parent_path (nufs.c:119)
==17413==    by 0x40018DC: nufs_mknod (nufs.c:171)
==17413==    by 0x4001A21: nufs_create (nufs.c:196)
==17413==    by 0x4001C8C: nufs_getattr (nufs.c:240)
==17413==    by 0x4001EC5: _readdir (nufs.c:270)
==17413==    by 0x4001FC9: nufs_readdir (nufs.c:287)
==17413==    by 0x48A63FF: UnknownInlinedFun (fuse.c:3531)
==17413==    by 0x48A63FF: fuse_lib_readdir (fuse.c:3557)
==17413==    by 0x48A2CF5: do_readdir.lto_priv.0 (fuse_lowlevel.c:1390)
==17413==    by 0x48AF448: fuse_ll_process_buf (fuse_lowlevel.c:2443)
==17413==    by 0x489EC8B: fuse_session_loop (fuse_loop.c:40)
==17413==    by 0x48B04B8: fuse_main_common (helper.c:371)
==17413== 
==17413== Conditional jump or move depends on uninitialised value(s)
==17413==    at 0x40014D6: count_l (nufs.c:86)
==17413==    by 0x4001685: parent_path (nufs.c:119)
==17413==    by 0x40018DC: nufs_mknod (nufs.c:171)
==17413==    by 0x4001A21: nufs_create (nufs.c:196)
==17413==    by 0x4001C8C: nufs_getattr (nufs.c:240)
==17413==    by 0x4001EC5: _readdir (nufs.c:270)
==17413==    by 0x4001FC9: nufs_readdir (nufs.c:287)
==17413==    by 0x48A63FF: UnknownInlinedFun (fuse.c:3531)
==17413==    by 0x48A63FF: fuse_lib_readdir (fuse.c:3557)
==17413==    by 0x48A2CF5: do_readdir.lto_priv.0 (fuse_lowlevel.c:1390)
==17413==    by 0x48AF448: fuse_ll_process_buf (fuse_lowlevel.c:2443)
==17413==    by 0x489EC8B: fuse_session_loop (fuse_loop.c:40)
==17413==    by 0x48B04B8: fuse_main_common (helper.c:371)
==17413== 
==17413== Conditional jump or move depends on uninitialised value(s)
==17413==    at 0x4001566: find_parent (nufs.c:97)
==17413==    by 0x40018EC: nufs_mknod (nufs.c:174)
==17413==    by 0x4001A21: nufs_create (nufs.c:196)
==17413==    by 0x4001C8C: nufs_getattr (nufs.c:240)
==17413==    by 0x4001EC5: _readdir (nufs.c:270)
==17413==    by 0x4001FC9: nufs_readdir (nufs.c:287)
==17413==    by 0x48A63FF: UnknownInlinedFun (fuse.c:3531)
==17413==    by 0x48A63FF: fuse_lib_readdir (fuse.c:3557)
==17413==    by 0x48A2CF5: do_readdir.lto_priv.0 (fuse_lowlevel.c:1390)
==17413==    by 0x48AF448: fuse_ll_process_buf (fuse_lowlevel.c:2443)
==17413==    by 0x489EC8B: fuse_session_loop (fuse_loop.c:40)
==17413==    by 0x48B04B8: fuse_main_common (helper.c:371)
==17413==    by 0x4002CD8: main (nufs.c:550)
==17413== 
==17413== Conditional jump or move depends on uninitialised value(s)
==17413==    at 0x40014F2: count_l (nufs.c:85)
==17413==    by 0x400157D: find_parent (nufs.c:99)
==17413==    by 0x40018EC: nufs_mknod (nufs.c:174)
==17413==    by 0x4001A21: nufs_create (nufs.c:196)
==17413==    by 0x4001C8C: nufs_getattr (nufs.c:240)
==17413==    by 0x4001EC5: _readdir (nufs.c:270)
==17413==    by 0x4001FC9: nufs_readdir (nufs.c:287)
==17413==    by 0x48A63FF: UnknownInlinedFun (fuse.c:3531)
==17413==    by 0x48A63FF: fuse_lib_readdir (fuse.c:3557)
==17413==    by 0x48A2CF5: do_readdir.lto_priv.0 (fuse_lowlevel.c:1390)
==17413==    by 0x48AF448: fuse_ll_process_buf (fuse_lowlevel.c:2443)
==17413==    by 0x489EC8B: fuse_session_loop (fuse_loop.c:40)
==17413==    by 0x48B04B8: fuse_main_common (helper.c:371)
==17413== 
==17413== Conditional jump or move depends on uninitialised value(s)
==17413==    at 0x40014D6: count_l (nufs.c:86)
==17413==    by 0x400157D: find_parent (nufs.c:99)
==17413==    by 0x40018EC: nufs_mknod (nufs.c:174)
==17413==    by 0x4001A21: nufs_create (nufs.c:196)
==17413==    by 0x4001C8C: nufs_getattr (nufs.c:240)
==17413==    by 0x4001EC5: _readdir (nufs.c:270)
==17413==    by 0x4001FC9: nufs_readdir (nufs.c:287)
==17413==    by 0x48A63FF: UnknownInlinedFun (fuse.c:3531)
==17413==    by 0x48A63FF: fuse_lib_readdir (fuse.c:3557)
==17413==    by 0x48A2CF5: do_readdir.lto_priv.0 (fuse_lowlevel.c:1390)
==17413==    by 0x48AF448: fuse_ll_process_buf (fuse_lowlevel.c:2443)
==17413==    by 0x489EC8B: fuse_session_loop (fuse_loop.c:40)
==17413==    by 0x48B04B8: fuse_main_common (helper.c:371)
==17413== 
==17413== Conditional jump or move depends on uninitialised value(s)
==17413==    at 0x4001566: find_parent (nufs.c:97)
==17413==    by 0x4002799: _write (nufs.c:460)
==17413==    by 0x4002A60: nufs_write (nufs.c:495)
==17413==    by 0x40019B2: nufs_mknod (nufs.c:186)
==17413==    by 0x4001A21: nufs_create (nufs.c:196)
==17413==    by 0x4001C8C: nufs_getattr (nufs.c:240)
==17413==    by 0x4001EC5: _readdir (nufs.c:270)
==17413==    by 0x4001FC9: nufs_readdir (nufs.c:287)
==17413==    by 0x48A63FF: UnknownInlinedFun (fuse.c:3531)
==17413==    by 0x48A63FF: fuse_lib_readdir (fuse.c:3557)
==17413==    by 0x48A2CF5: do_readdir.lto_priv.0 (fuse_lowlevel.c:1390)
==17413==    by 0x48AF448: fuse_ll_process_buf (fuse_lowlevel.c:2443)
==17413==    by 0x489EC8B: fuse_session_loop (fuse_loop.c:40)
==17413== 
==17413== Conditional jump or move depends on uninitialised value(s)
==17413==    at 0x40014F2: count_l (nufs.c:85)
==17413==    by 0x400157D: find_parent (nufs.c:99)
==17413==    by 0x4002799: _write (nufs.c:460)
==17413==    by 0x4002A60: nufs_write (nufs.c:495)
==17413==    by 0x40019B2: nufs_mknod (nufs.c:186)
==17413==    by 0x4001A21: nufs_create (nufs.c:196)
==17413==    by 0x4001C8C: nufs_getattr (nufs.c:240)
==17413==    by 0x4001EC5: _readdir (nufs.c:270)
==17413==    by 0x4001FC9: nufs_readdir (nufs.c:287)
==17413==    by 0x48A63FF: UnknownInlinedFun (fuse.c:3531)
==17413==    by 0x48A63FF: fuse_lib_readdir (fuse.c:3557)
==17413==    by 0x48A2CF5: do_readdir.lto_priv.0 (fuse_lowlevel.c:1390)
==17413==    by 0x48AF448: fuse_ll_process_buf (fuse_lowlevel.c:2443)
==17413== 
==17413== Conditional jump or move depends on uninitialised value(s)
==17413==    at 0x4001566: find_parent (nufs.c:97)
==17413==    by 0x4001B55: nufs_getattr (nufs.c:224)
==17413==    by 0x4001CA2: nufs_getattr (nufs.c:241)
==17413==    by 0x4001EC5: _readdir (nufs.c:270)
==17413==    by 0x4001FC9: nufs_readdir (nufs.c:287)
==17413==    by 0x48A63FF: UnknownInlinedFun (fuse.c:3531)
==17413==    by 0x48A63FF: fuse_lib_readdir (fuse.c:3557)
==17413==    by 0x48A2CF5: do_readdir.lto_priv.0 (fuse_lowlevel.c:1390)
==17413==    by 0x48AF448: fuse_ll_process_buf (fuse_lowlevel.c:2443)
==17413==    by 0x489EC8B: fuse_session_loop (fuse_loop.c:40)
==17413==    by 0x48B04B8: fuse_main_common (helper.c:371)
==17413==    by 0x4002CD8: main (nufs.c:550)
==17413== 
==17413== Conditional jump or move depends on uninitialised value(s)
==17413==    at 0x40014F2: count_l (nufs.c:85)
==17413==    by 0x400157D: find_parent (nufs.c:99)
==17413==    by 0x4001B55: nufs_getattr (nufs.c:224)
==17413==    by 0x4001CA2: nufs_getattr (nufs.c:241)
==17413==    by 0x4001EC5: _readdir (nufs.c:270)
==17413==    by 0x4001FC9: nufs_readdir (nufs.c:287)
==17413==    by 0x48A63FF: UnknownInlinedFun (fuse.c:3531)
==17413==    by 0x48A63FF: fuse_lib_readdir (fuse.c:3557)
==17413==    by 0x48A2CF5: do_readdir.lto_priv.0 (fuse_lowlevel.c:1390)
==17413==    by 0x48AF448: fuse_ll_process_buf (fuse_lowlevel.c:2443)
==17413==    by 0x489EC8B: fuse_session_loop (fuse_loop.c:40)
==17413==    by 0x48B04B8: fuse_main_common (helper.c:371)
==17413==    by 0x4002CD8: main (nufs.c:550)
==17413== 
==17413== Conditional jump or move depends on uninitialised value(s)
==17413==    at 0x40014D6: count_l (nufs.c:86)
==17413==    by 0x400157D: find_parent (nufs.c:99)
==17413==    by 0x4001B55: nufs_getattr (nufs.c:224)
==17413==    by 0x4001CA2: nufs_getattr (nufs.c:241)
==17413==    by 0x4001EC5: _readdir (nufs.c:270)
==17413==    by 0x4001FC9: nufs_readdir (nufs.c:287)
==17413==    by 0x48A63FF: UnknownInlinedFun (fuse.c:3531)
==17413==    by 0x48A63FF: fuse_lib_readdir (fuse.c:3557)
==17413==    by 0x48A2CF5: do_readdir.lto_priv.0 (fuse_lowlevel.c:1390)
==17413==    by 0x48AF448: fuse_ll_process_buf (fuse_lowlevel.c:2443)
==17413==    by 0x489EC8B: fuse_session_loop (fuse_loop.c:40)
==17413==    by 0x48B04B8: fuse_main_common (helper.c:371)
==17413==    by 0x4002CD8: main (nufs.c:550)
==17413== 
==17413== Invalid read of size 1
==17413==    at 0x4003579: hash (hash.c:11)
==17413==    by 0x40035B9: extend (hash.c:18)
==17413==    by 0x40033D7: alloc_inode (inode.c:37)
==17413==    by 0x40033DF: alloc_inode (inode.c:37)
==17413==    by 0x400334D: inode_find (inode.c:24)
==17413==    by 0x40018C1: nufs_mknod (nufs.c:170)
==17413==    by 0x4001A21: nufs_create (nufs.c:196)
==17413==    by 0x4001C8C: nufs_getattr (nufs.c:240)
==17413==    by 0x4001CA2: nufs_getattr (nufs.c:241)
==17413==    by 0x4001EC5: _readdir (nufs.c:270)
==17413==    by 0x4001FC9: nufs_readdir (nufs.c:287)
==17413==    by 0x48A63FF: UnknownInlinedFun (fuse.c:3531)
==17413==    by 0x48A63FF: fuse_lib_readdir (fuse.c:3557)
==17413==  Address 0x4d0ef79 is 0 bytes after a block of size 9 alloc'd
==17413==    at 0x4853C13: calloc (vg_replace_malloc.c:1675)
==17413==    by 0x40035D9: extend (hash.c:19)
==17413==    by 0x40033D7: alloc_inode (inode.c:37)
==17413==    by 0x400334D: inode_find (inode.c:24)
==17413==    by 0x40018C1: nufs_mknod (nufs.c:170)
==17413==    by 0x4001A21: nufs_create (nufs.c:196)
==17413==    by 0x4001C8C: nufs_getattr (nufs.c:240)
==17413==    by 0x4001CA2: nufs_getattr (nufs.c:241)
==17413==    by 0x4001EC5: _readdir (nufs.c:270)
==17413==    by 0x4001FC9: nufs_readdir (nufs.c:287)
==17413==    by 0x48A63FF: UnknownInlinedFun (fuse.c:3531)
==17413==    by 0x48A63FF: fuse_lib_readdir (fuse.c:3557)
==17413==    by 0x48A2CF5: do_readdir.lto_priv.0 (fuse_lowlevel.c:1390)
==17413== 
==17413== Invalid read of size 1
==17413==    at 0x4855D74: strlen (vg_replace_strmem.c:506)
==17413==    by 0x40035C8: extend (hash.c:19)
==17413==    by 0x40033D7: alloc_inode (inode.c:37)
==17413==    by 0x40033DF: alloc_inode (inode.c:37)
==17413==    by 0x400334D: inode_find (inode.c:24)
==17413==    by 0x40018C1: nufs_mknod (nufs.c:170)
==17413==    by 0x4001A21: nufs_create (nufs.c:196)
==17413==    by 0x4001C8C: nufs_getattr (nufs.c:240)
==17413==    by 0x4001CA2: nufs_getattr (nufs.c:241)
==17413==    by 0x4001EC5: _readdir (nufs.c:270)
==17413==    by 0x4001FC9: nufs_readdir (nufs.c:287)
==17413==    by 0x48A63FF: UnknownInlinedFun (fuse.c:3531)
==17413==    by 0x48A63FF: fuse_lib_readdir (fuse.c:3557)
==17413==  Address 0x4d0ef79 is 0 bytes after a block of size 9 alloc'd
==17413==    at 0x4853C13: calloc (vg_replace_malloc.c:1675)
==17413==    by 0x40035D9: extend (hash.c:19)
==17413==    by 0x40033D7: alloc_inode (inode.c:37)
==17413==    by 0x400334D: inode_find (inode.c:24)
==17413==    by 0x40018C1: nufs_mknod (nufs.c:170)
==17413==    by 0x4001A21: nufs_create (nufs.c:196)
==17413==    by 0x4001C8C: nufs_getattr (nufs.c:240)
==17413==    by 0x4001CA2: nufs_getattr (nufs.c:241)
==17413==    by 0x4001EC5: _readdir (nufs.c:270)
==17413==    by 0x4001FC9: nufs_readdir (nufs.c:287)
==17413==    by 0x48A63FF: UnknownInlinedFun (fuse.c:3531)
==17413==    by 0x48A63FF: fuse_lib_readdir (fuse.c:3557)
==17413==    by 0x48A2CF5: do_readdir.lto_priv.0 (fuse_lowlevel.c:1390)
==17413== 
==17413== Invalid read of size 1
==17413==    at 0x4855EEA: strcpy (vg_replace_strmem.c:565)
==17413==    by 0x40035F0: extend (hash.c:20)
==17413==    by 0x40033D7: alloc_inode (inode.c:37)
==17413==    by 0x40033DF: alloc_inode (inode.c:37)
==17413==    by 0x400334D: inode_find (inode.c:24)
==17413==    by 0x40018C1: nufs_mknod (nufs.c:170)
==17413==    by 0x4001A21: nufs_create (nufs.c:196)
==17413==    by 0x4001C8C: nufs_getattr (nufs.c:240)
==17413==    by 0x4001CA2: nufs_getattr (nufs.c:241)
==17413==    by 0x4001EC5: _readdir (nufs.c:270)
==17413==    by 0x4001FC9: nufs_readdir (nufs.c:287)
==17413==    by 0x48A63FF: UnknownInlinedFun (fuse.c:3531)
==17413==    by 0x48A63FF: fuse_lib_readdir (fuse.c:3557)
==17413==  Address 0x4d0ef79 is 0 bytes after a block of size 9 alloc'd
==17413==    at 0x4853C13: calloc (vg_replace_malloc.c:1675)
==17413==    by 0x40035D9: extend (hash.c:19)
==17413==    by 0x40033D7: alloc_inode (inode.c:37)
==17413==    by 0x400334D: inode_find (inode.c:24)
==17413==    by 0x40018C1: nufs_mknod (nufs.c:170)
==17413==    by 0x4001A21: nufs_create (nufs.c:196)
==17413==    by 0x4001C8C: nufs_getattr (nufs.c:240)
==17413==    by 0x4001CA2: nufs_getattr (nufs.c:241)
==17413==    by 0x4001EC5: _readdir (nufs.c:270)
==17413==    by 0x4001FC9: nufs_readdir (nufs.c:287)
==17413==    by 0x48A63FF: UnknownInlinedFun (fuse.c:3531)
==17413==    by 0x48A63FF: fuse_lib_readdir (fuse.c:3557)
==17413==    by 0x48A2CF5: do_readdir.lto_priv.0 (fuse_lowlevel.c:1390)
==17413== 
==17413== Invalid write of size 1
==17413==    at 0x48558E4: strcat (vg_replace_strmem.c:337)
==17413==    by 0x4003603: extend (hash.c:21)
==17413==    by 0x40033D7: alloc_inode (inode.c:37)
==17413==    by 0x40033DF: alloc_inode (inode.c:37)
==17413==    by 0x400334D: inode_find (inode.c:24)
==17413==    by 0x40018C1: nufs_mknod (nufs.c:170)
==17413==    by 0x4001A21: nufs_create (nufs.c:196)
==17413==    by 0x4001C8C: nufs_getattr (nufs.c:240)
==17413==    by 0x4001CA2: nufs_getattr (nufs.c:241)
==17413==    by 0x4001EC5: _readdir (nufs.c:270)
==17413==    by 0x4001FC9: nufs_readdir (nufs.c:287)
==17413==    by 0x48A63FF: UnknownInlinedFun (fuse.c:3531)
==17413==    by 0x48A63FF: fuse_lib_readdir (fuse.c:3557)
==17413==  Address 0x4d0efce is 0 bytes after a block of size 14 alloc'd
==17413==    at 0x4853C13: calloc (vg_replace_malloc.c:1675)
==17413==    by 0x40035D9: extend (hash.c:19)
==17413==    by 0x40033D7: alloc_inode (inode.c:37)
==17413==    by 0x40033DF: alloc_inode (inode.c:37)
==17413==    by 0x400334D: inode_find (inode.c:24)
==17413==    by 0x40018C1: nufs_mknod (nufs.c:170)
==17413==    by 0x4001A21: nufs_create (nufs.c:196)
==17413==    by 0x4001C8C: nufs_getattr (nufs.c:240)
==17413==    by 0x4001CA2: nufs_getattr (nufs.c:241)
==17413==    by 0x4001EC5: _readdir (nufs.c:270)
==17413==    by 0x4001FC9: nufs_readdir (nufs.c:287)
==17413==    by 0x48A63FF: UnknownInlinedFun (fuse.c:3531)
==17413==    by 0x48A63FF: fuse_lib_readdir (fuse.c:3557)
==17413== 
==17413== Invalid write of size 1
==17413==    at 0x48558F6: strcat (vg_replace_strmem.c:337)
==17413==    by 0x4003603: extend (hash.c:21)
==17413==    by 0x40033D7: alloc_inode (inode.c:37)
==17413==    by 0x40033DF: alloc_inode (inode.c:37)
==17413==    by 0x400334D: inode_find (inode.c:24)
==17413==    by 0x40018C1: nufs_mknod (nufs.c:170)
==17413==    by 0x4001A21: nufs_create (nufs.c:196)
==17413==    by 0x4001C8C: nufs_getattr (nufs.c:240)
==17413==    by 0x4001CA2: nufs_getattr (nufs.c:241)
==17413==    by 0x4001EC5: _readdir (nufs.c:270)
==17413==    by 0x4001FC9: nufs_readdir (nufs.c:287)
==17413==    by 0x48A63FF: UnknownInlinedFun (fuse.c:3531)
==17413==    by 0x48A63FF: fuse_lib_readdir (fuse.c:3557)
==17413==  Address 0x4d0efd2 is 4 bytes after a block of size 14 alloc'd
==17413==    at 0x4853C13: calloc (vg_replace_malloc.c:1675)
==17413==    by 0x40035D9: extend (hash.c:19)
==17413==    by 0x40033D7: alloc_inode (inode.c:37)
==17413==    by 0x40033DF: alloc_inode (inode.c:37)
==17413==    by 0x400334D: inode_find (inode.c:24)
==17413==    by 0x40018C1: nufs_mknod (nufs.c:170)
==17413==    by 0x4001A21: nufs_create (nufs.c:196)
==17413==    by 0x4001C8C: nufs_getattr (nufs.c:240)
==17413==    by 0x4001CA2: nufs_getattr (nufs.c:241)
==17413==    by 0x4001EC5: _readdir (nufs.c:270)
==17413==    by 0x4001FC9: nufs_readdir (nufs.c:287)
==17413==    by 0x48A63FF: UnknownInlinedFun (fuse.c:3531)
==17413==    by 0x48A63FF: fuse_lib_readdir (fuse.c:3557)
==17413== 
==17413== Invalid read of size 1
==17413==    at 0x4003579: hash (hash.c:11)
==17413==    by 0x40033B6: alloc_inode (inode.c:36)
==17413==    by 0x40033DF: alloc_inode (inode.c:37)
==17413==    by 0x40033DF: alloc_inode (inode.c:37)
==17413==    by 0x400334D: inode_find (inode.c:24)
==17413==    by 0x40018C1: nufs_mknod (nufs.c:170)
==17413==    by 0x4001A21: nufs_create (nufs.c:196)
==17413==    by 0x4001C8C: nufs_getattr (nufs.c:240)
==17413==    by 0x4001CA2: nufs_getattr (nufs.c:241)
==17413==    by 0x4001EC5: _readdir (nufs.c:270)
==17413==    by 0x4001FC9: nufs_readdir (nufs.c:287)
==17413==    by 0x48A63FF: UnknownInlinedFun (fuse.c:3531)
==17413==    by 0x48A63FF: fuse_lib_readdir (fuse.c:3557)
==17413==  Address 0x4d0efce is 0 bytes after a block of size 14 alloc'd
==17413==    at 0x4853C13: calloc (vg_replace_malloc.c:1675)
==17413==    by 0x40035D9: extend (hash.c:19)
==17413==    by 0x40033D7: alloc_inode (inode.c:37)
==17413==    by 0x40033DF: alloc_inode (inode.c:37)
==17413==    by 0x400334D: inode_find (inode.c:24)
==17413==    by 0x40018C1: nufs_mknod (nufs.c:170)
==17413==    by 0x4001A21: nufs_create (nufs.c:196)
==17413==    by 0x4001C8C: nufs_getattr (nufs.c:240)
==17413==    by 0x4001CA2: nufs_getattr (nufs.c:241)
==17413==    by 0x4001EC5: _readdir (nufs.c:270)
==17413==    by 0x4001FC9: nufs_readdir (nufs.c:287)
==17413==    by 0x48A63FF: UnknownInlinedFun (fuse.c:3531)
==17413==    by 0x48A63FF: fuse_lib_readdir (fuse.c:3557)
==17413== 
==17413== Invalid read of size 1
==17413==    at 0x4003579: hash (hash.c:11)
==17413==    by 0x40033ED: alloc_inode (inode.c:39)
==17413==    by 0x40033DF: alloc_inode (inode.c:37)
==17413==    by 0x40033DF: alloc_inode (inode.c:37)
==17413==    by 0x400334D: inode_find (inode.c:24)
==17413==    by 0x40018C1: nufs_mknod (nufs.c:170)
==17413==    by 0x4001A21: nufs_create (nufs.c:196)
==17413==    by 0x4001C8C: nufs_getattr (nufs.c:240)
==17413==    by 0x4001CA2: nufs_getattr (nufs.c:241)
==17413==    by 0x4001EC5: _readdir (nufs.c:270)
==17413==    by 0x4001FC9: nufs_readdir (nufs.c:287)
==17413==    by 0x48A63FF: UnknownInlinedFun (fuse.c:3531)
==17413==    by 0x48A63FF: fuse_lib_readdir (fuse.c:3557)
==17413==  Address 0x4d0efce is 0 bytes after a block of size 14 alloc'd
==17413==    at 0x4853C13: calloc (vg_replace_malloc.c:1675)
==17413==    by 0x40035D9: extend (hash.c:19)
==17413==    by 0x40033D7: alloc_inode (inode.c:37)
==17413==    by 0x40033DF: alloc_inode (inode.c:37)
==17413==    by 0x400334D: inode_find (inode.c:24)
==17413==    by 0x40018C1: nufs_mknod (nufs.c:170)
==17413==    by 0x4001A21: nufs_create (nufs.c:196)
==17413==    by 0x4001C8C: nufs_getattr (nufs.c:240)
==17413==    by 0x4001CA2: nufs_getattr (nufs.c:241)
==17413==    by 0x4001EC5: _readdir (nufs.c:270)
==17413==    by 0x4001FC9: nufs_readdir (nufs.c:287)
==17413==    by 0x48A63FF: UnknownInlinedFun (fuse.c:3531)
==17413==    by 0x48A63FF: fuse_lib_readdir (fuse.c:3557)
==17413== 
==17413== Invalid read of size 1
==17413==    at 0x4003579: hash (hash.c:11)
==17413==    by 0x400340E: alloc_inode (inode.c:40)
==17413==    by 0x40033DF: alloc_inode (inode.c:37)
==17413==    by 0x40033DF: alloc_inode (inode.c:37)
==17413==    by 0x400334D: inode_find (inode.c:24)
==17413==    by 0x40018C1: nufs_mknod (nufs.c:170)
==17413==    by 0x4001A21: nufs_create (nufs.c:196)
==17413==    by 0x4001C8C: nufs_getattr (nufs.c:240)
==17413==    by 0x4001CA2: nufs_getattr (nufs.c:241)
==17413==    by 0x4001EC5: _readdir (nufs.c:270)
==17413==    by 0x4001FC9: nufs_readdir (nufs.c:287)
==17413==    by 0x48A63FF: UnknownInlinedFun (fuse.c:3531)
==17413==    by 0x48A63FF: fuse_lib_readdir (fuse.c:3557)
==17413==  Address 0x4d0efce is 0 bytes after a block of size 14 alloc'd
==17413==    at 0x4853C13: calloc (vg_replace_malloc.c:1675)
==17413==    by 0x40035D9: extend (hash.c:19)
==17413==    by 0x40033D7: alloc_inode (inode.c:37)
==17413==    by 0x40033DF: alloc_inode (inode.c:37)
==17413==    by 0x400334D: inode_find (inode.c:24)
==17413==    by 0x40018C1: nufs_mknod (nufs.c:170)
==17413==    by 0x4001A21: nufs_create (nufs.c:196)
==17413==    by 0x4001C8C: nufs_getattr (nufs.c:240)
==17413==    by 0x4001CA2: nufs_getattr (nufs.c:241)
==17413==    by 0x4001EC5: _readdir (nufs.c:270)
==17413==    by 0x4001FC9: nufs_readdir (nufs.c:287)
==17413==    by 0x48A63FF: UnknownInlinedFun (fuse.c:3531)
==17413==    by 0x48A63FF: fuse_lib_readdir (fuse.c:3557)
==17413== 
